2026-04-28 12:15:24,803 INFO connected to MongoDB
2026-04-28 12:15:26,456 INFO loaded 16000 documents from MongoDB
2026-04-28 12:15:31,040 INFO connected to MongoDB
2026-04-28 12:15:33,156 INFO loaded 16000 documents from MongoDB
2026-04-28 12:31:03,902 INFO train: 11200, val: 1600, test: 3200
2026-04-28 12:32:54,564 INFO train: 11200, val: 1600, test: 3200
2026-04-28 12:43:48,202 INFO connected to MongoDB
2026-04-28 12:43:56,739 INFO loaded 16000 documents from MongoDB
2026-04-28 12:46:43,157 INFO train: 11200, val: 1600, test: 3200
2026-04-28 12:55:21,701 INFO model training complete
2026-04-28 12:55:21,713 INFO train loss: 0.6087, val loss: 0.6030
2026-04-28 12:58:33,608 INFO final train loss: 0.0000, val loss: 0.0000
2026-04-28 13:00:04,460 INFO model training complete
2026-04-28 13:00:04,483 INFO train loss: 0.6087, val loss: 0.6030
2026-04-28 13:03:12,815 INFO model training complete
2026-04-28 13:03:12,829 INFO train loss: 0.4519, val loss: 0.4478
2026-04-28 13:05:38,071 INFO model training complete
2026-04-28 13:05:38,086 INFO train loss: 0.4519, val loss: 0.4478
2026-04-28 13:17:27,581 INFO model training complete
2026-04-28 13:17:27,600 INFO train loss: 0.0015, val loss: 0.0015
2026-04-28 13:22:03,226 INFO ROC-AUC: 0.9965
2026-04-28 13:25:37,168 INFO model training complete
2026-04-28 13:25:37,182 INFO train loss: 0.3845, val loss: 0.3809
2026-04-28 13:25:38,103 INFO evaluation plots saved to evaluation.png
2026-04-28 13:26:47,626 INFO ROC-AUC: 0.9943
2026-04-28 13:26:52,998 INFO ROC-AUC: 0.9943
2026-04-28 13:26:58,963 INFO evaluation plots saved to evaluation.png
2026-04-28 13:30:35,909 INFO evaluation plots saved to evaluation.png
2026-04-28 13:36:08,660 INFO connected to MongoDB
2026-04-28 13:36:25,052 INFO loaded 16000 documents from MongoDB
2026-04-28 13:36:38,168 INFO train: 9906, val: 1416, test: 4678
2026-04-28 13:39:05,439 INFO connected to MongoDB
2026-04-28 13:39:14,850 INFO loaded 16000 documents from MongoDB
2026-04-28 13:39:32,075 INFO train: 9654, val: 1380, test: 4966
2026-04-28 13:42:11,592 INFO model training complete
2026-04-28 13:42:11,601 INFO train loss: 0.4489, val loss: 0.4497
2026-04-28 13:42:11,641 INFO ROC-AUC: 0.9949
2026-04-28 13:42:13,160 INFO evaluation plots saved to evaluation.png
2026-04-28 13:47:34,969 INFO connected to MongoDB
2026-04-28 13:47:43,300 INFO loaded 16000 documents from MongoDB
2026-04-28 13:47:53,453 INFO train: 11331, val: 1619, test: 3050
2026-04-28 13:50:29,673 INFO model training complete
2026-04-28 13:50:29,685 INFO train loss: 0.4411, val loss: 0.4508
2026-04-28 13:50:29,727 INFO ROC-AUC: 0.9950
2026-04-28 13:50:30,534 INFO evaluation plots saved to evaluation.png
2026-04-28 13:58:24,483 INFO PR-AUC: 0.9986
2026-04-28 13:59:27,608 INFO evaluation plots saved to evaluation.png
2026-04-28 14:02:48,305 INFO connected to MongoDB
2026-04-28 14:02:56,571 INFO loaded 16000 documents from MongoDB
2026-04-28 14:03:06,946 INFO train: 11331, val: 1619, test: 3050
2026-04-28 14:05:52,695 INFO model training complete
2026-04-28 14:05:52,710 INFO train loss: 0.6590, val loss: 0.6679
2026-04-28 14:05:52,754 INFO PR-AUC: 0.8920
2026-04-28 14:05:53,606 INFO evaluation plots saved to evaluation.png
2026-04-28 14:07:58,889 INFO model training complete
2026-04-28 14:07:58,902 INFO train loss: 0.1440, val loss: 0.1706
2026-04-28 14:08:02,626 INFO PR-AUC: 0.9942
2026-04-28 14:09:52,142 INFO model training complete
2026-04-28 14:09:52,165 INFO train loss: 0.3155, val loss: 0.3234
2026-04-28 14:09:52,235 INFO PR-AUC: 0.9096
2026-04-28 14:12:37,183 INFO evaluation plots saved to evaluation.png
2026-04-28 14:13:28,578 INFO model training complete
2026-04-28 14:13:28,589 INFO train loss: 0.1352, val loss: 0.1645
2026-04-28 14:13:36,326 INFO PR-AUC: 0.9954
2026-04-28 14:13:45,683 INFO evaluation plots saved to evaluation.png
2026-04-28 14:15:09,490 INFO model training complete
2026-04-28 14:15:09,501 INFO train loss: 0.3828, val loss: 0.3884
2026-04-28 14:15:09,534 INFO PR-AUC: 0.9152
2026-04-28 14:15:10,769 INFO evaluation plots saved to evaluation.png
2026-04-28 14:17:31,092 INFO model training complete
2026-04-28 14:17:31,106 INFO train loss: 0.2986, val loss: 0.3080
2026-04-28 14:17:33,438 INFO PR-AUC: 0.9905
2026-04-28 14:17:37,317 INFO evaluation plots saved to evaluation.png
2026-04-28 14:18:33,467 INFO model training complete
2026-04-28 14:18:33,484 INFO train loss: 0.3645, val loss: 0.3732
2026-04-28 14:18:35,420 INFO PR-AUC: 0.9926
2026-04-28 14:18:38,833 INFO evaluation plots saved to evaluation.png
2026-04-28 14:18:55,053 INFO model training complete
2026-04-28 14:18:55,068 INFO train loss: 0.3786, val loss: 0.3871
2026-04-28 14:18:57,100 INFO PR-AUC: 0.9929
2026-04-28 14:18:59,659 INFO evaluation plots saved to evaluation.png
2026-04-28 14:50:49,801 INFO evaluation plots saved to evaluation.png
2026-04-28 14:52:12,725 INFO model training complete
2026-04-28 14:52:12,740 INFO train loss: 0.4887, val loss: 0.4961
2026-04-28 14:52:12,799 INFO PR-AUC: 0.9939
2026-04-28 14:52:14,090 INFO evaluation plots saved to evaluation.png
2026-04-28 14:52:47,636 INFO model training complete
2026-04-28 14:52:47,653 INFO train loss: 0.4395, val loss: 0.4474
2026-04-28 14:52:47,707 INFO PR-AUC: 0.9936
2026-04-28 14:52:48,833 INFO evaluation plots saved to evaluation.png
2026-04-28 14:56:22,849 INFO model training complete
2026-04-28 14:56:22,860 INFO train loss: 0.1995, val loss: 0.2343
2026-04-28 14:56:25,201 INFO PR-AUC: 0.9959
2026-04-28 14:56:29,634 INFO evaluation plots saved to evaluation.png
